<?xml version="1.0" encoding="UTF-8"?>
<!-- Generated by org.testng.reporters.JUnitReportReporter -->
<testsuite hostname="KQ-01-0071" failures="0" tests="2" name="Test.launchBrowser" time="17.134" errors="0" timestamp="2024-09-17T14:54:40 IST" skipped="0">
  <testcase classname="Test.launchBrowser" name="launchFireFox" time="9.066"/>
  <testcase classname="Test.launchBrowser" name="launchChrome" time="8.068"/>
</testsuite> <!-- Test.launchBrowser -->
